<?xml version="1.0" encoding="UTF-8"?>
<!-- Generated by org.testng.reporters.JUnitReportReporter -->
<testsuite hostname="HossainXPS8960" failures="0" tests="5" name="pavanSDET_QA.Java12GenerateRandomNumbersAndStringsApacheCommonsAPI" time="0.007" errors="0" timestamp="2024-11-20T21:18:21 EST" skipped="0">
  <testcase classname="pavanSDET_QA.Java12GenerateRandomNumbersAndStringsApacheCommonsAPI" name="randomInteger" time="0.001"/>
  <testcase classname="pavanSDET_QA.Java12GenerateRandomNumbersAndStringsApacheCommonsAPI" name="randomDouble" time="0.001"/>
  <testcase classname="pavanSDET_QA.Java12GenerateRandomNumbersAndStringsApacheCommonsAPI" name="randomDoubleUsingMath" time="0.001"/>
  <testcase classname="pavanSDET_QA.Java12GenerateRandomNumbersAndStringsApacheCommonsAPI" name="randomApacheCommonsAPI" time="0.004"/>
  <testcase classname="pavanSDET_QA.Java12GenerateRandomNumbersAndStringsApacheCommonsAPI" name="randomString" time="0.000"/>
</testsuite> <!-- pavanSDET_QA.Java12GenerateRandomNumbersAndStringsApacheCommonsAPI -->
