<?xml version="1.0" encoding="UTF-8"?>
<!-- Generated by org.testng.reporters.JUnitReportReporter -->
<testsuite hostname="HossainXPS8960" failures="0" tests="8" name="pavanSDET_QA.Java10GenerateFibonacciSeries" time="0.004" errors="0" timestamp="2024-11-20T21:18:21 EST" skipped="0">
  <testcase classname="pavanSDET_QA.Java10GenerateFibonacciSeries" name="asort" time="0.001"/>
  <testcase classname="pavanSDET_QA.Java10GenerateFibonacciSeries" name="test4" time="0.000"/>
  <testcase classname="pavanSDET_QA.Java10GenerateFibonacciSeries" name="test1" time="0.001"/>
  <testcase classname="pavanSDET_QA.Java10GenerateFibonacciSeries" name="test6" time="0.002"/>
  <testcase classname="pavanSDET_QA.Java10GenerateFibonacciSeries" name="test5" time="0.000"/>
  <testcase classname="pavanSDET_QA.Java10GenerateFibonacciSeries" name="test3" time="0.000"/>
  <testcase classname="pavanSDET_QA.Java10GenerateFibonacciSeries" name="test7" time="0.000"/>
  <testcase classname="pavanSDET_QA.Java10GenerateFibonacciSeries" name="test2" time="0.000"/>
</testsuite> <!-- pavanSDET_QA.Java10GenerateFibonacciSeries -->
