<?xml version="1.0" encoding="UTF-8"?>
<!-- Generated by org.testng.reporters.JUnitReportReporter -->
<testsuite hostname="HossainXPS8960" failures="0" tests="2" name="javaPractice.ReverseAString" time="0.004" errors="0" timestamp="2024-11-14T11:56:03 EST" skipped="0">
  <testcase classname="javaPractice.ReverseAString" name="stringBuffer" time="0.000"/>
  <testcase classname="javaPractice.ReverseAString" name="forLoop" time="0.004"/>
</testsuite> <!-- javaPractice.ReverseAString -->
