<?xml version="1.0" encoding="UTF-8"?>
<!-- Generated by org.testng.reporters.JUnitReportReporter -->
<testsuite hostname="HossainXPS8960" failures="0" tests="1" name="javaPractice.CountNumberOfDigitsInANumber" time="0.005" errors="0" timestamp="2024-11-14T14:10:53 EST" skipped="0">
  <testcase classname="javaPractice.CountNumberOfDigitsInANumber" name="test2" time="0.005"/>
</testsuite> <!-- javaPractice.CountNumberOfDigitsInANumber -->
