<?xml version="1.0" encoding="UTF-8"?>
<!-- Generated by org.testng.reporters.JUnitReportReporter -->
<testsuite hostname="HossainXPS8960" failures="0" tests="1" name="javaPractice.ReverseANumber" time="0.004" errors="0" timestamp="2024-11-14T11:08:13 EST" skipped="0">
  <testcase classname="javaPractice.ReverseANumber" name="usingScanner" time="0.004"/>
</testsuite> <!-- javaPractice.ReverseANumber -->
