<?xml version="1.0" encoding="UTF-8"?>
<!-- Generated by org.testng.reporters.JUnitReportReporter -->
<testsuite hostname="HossainXPS8960" failures="0" tests="2" name="pavanSDET_QA.Java16CheckTheEqualityOfTwoArrays" time="0.001" errors="0" timestamp="2024-11-20T21:18:21 EST" skipped="0">
  <testcase classname="pavanSDET_QA.Java16CheckTheEqualityOfTwoArrays" name="checkTheEqualityOfTwoArraysUsingLogic" time="0.000"/>
  <testcase classname="pavanSDET_QA.Java16CheckTheEqualityOfTwoArrays" name="checkTheEqualityOfTwoArraysUsingEqualsMethod" time="0.001"/>
</testsuite> <!-- pavanSDET_QA.Java16CheckTheEqualityOfTwoArrays -->
