<?xml version="1.0" encoding="UTF-8"?>
<!-- Generated by org.testng.reporters.JUnitReportReporter -->
<testsuite hostname="HossainXPS8960" failures="0" tests="1" name="javaPractice.FibonacciSeries" time="0.003" errors="0" timestamp="2024-11-14T13:44:15 EST" skipped="0">
  <testcase classname="javaPractice.FibonacciSeries" name="test8" time="0.003"/>
</testsuite> <!-- javaPractice.FibonacciSeries -->
