<?xml version="1.0" encoding="UTF-8"?>
<!-- Generated by org.testng.reporters.JUnitReportReporter -->
<testsuite hostname="HossainXPS8960" failures="0" tests="1" name="javaPractice.ReadDataFromTextFile" time="0.015" errors="0" timestamp="2024-11-19T11:01:47 EST" skipped="0">
  <testcase classname="javaPractice.ReadDataFromTextFile" name="useD" time="0.015"/>
</testsuite> <!-- javaPractice.ReadDataFromTextFile -->
