<?xml version="1.0" encoding="UTF-8"?>
<!-- Generated by org.testng.reporters.JUnitReportReporter -->
<testsuite hostname="HossainXPS8960" failures="0" tests="2" name="pavanSDET_QA.Java06CountNumberOfDigitsInANumber" time="9.510" errors="0" timestamp="2024-11-20T21:18:21 EST" skipped="0">
  <testcase classname="pavanSDET_QA.Java06CountNumberOfDigitsInANumber" name="test1" time="9.509"/>
  <testcase classname="pavanSDET_QA.Java06CountNumberOfDigitsInANumber" name="test2" time="0.001"/>
</testsuite> <!-- pavanSDET_QA.Java06CountNumberOfDigitsInANumber -->
