<?xml version="1.0" encoding="UTF-8"?>
<!-- Generated by org.testng.reporters.JUnitReportReporter -->
<testsuite hostname="HossainXPS8960" failures="0" tests="1" name="javaPractice.NewTest" time="0.003" errors="0" timestamp="2024-11-11T12:14:39 EST" skipped="0">
  <testcase classname="javaPractice.NewTest" name="test" time="0.003"/>
</testsuite> <!-- javaPractice.NewTest -->
