<?xml version="1.0" encoding="UTF-8"?>
<!-- Generated by org.testng.reporters.JUnitReportReporter -->
<testsuite hostname="HossainXPS8960" failures="0" tests="3" name="pavanSDET_QA.Java29ReadDataFromTextFile" time="0.020" errors="0" timestamp="2024-11-20T21:18:21 EST" skipped="0">
  <testcase classname="pavanSDET_QA.Java29ReadDataFromTextFile" name="useDelimiter" time="0.001"/>
  <testcase classname="pavanSDET_QA.Java29ReadDataFromTextFile" name="fileAndScanner" time="0.019"/>
  <testcase classname="pavanSDET_QA.Java29ReadDataFromTextFile" name="fileReaderAndBufferReader" time="0.000"/>
</testsuite> <!-- pavanSDET_QA.Java29ReadDataFromTextFile -->
