<?xml version="1.0" encoding="UTF-8"?>
<!-- Generated by org.testng.reporters.JUnitReportReporter -->
<testsuite hostname="HossainXPS8960" failures="0" tests="5" name="javaPractice.SwappingTwoNumbers" time="0.005" errors="0" timestamp="2024-11-14T13:46:11 EST" skipped="0">
  <testcase classname="javaPractice.SwappingTwoNumbers" name="usingAdditionAndSubtraction" time="0.004"/>
  <testcase classname="javaPractice.SwappingTwoNumbers" name="usingMultiplicationAndDivision" time="0.001"/>
  <testcase classname="javaPractice.SwappingTwoNumbers" name="usingTemp" time="0.000"/>
  <testcase classname="javaPractice.SwappingTwoNumbers" name="usingSingleStatement" time="0.000"/>
  <testcase classname="javaPractice.SwappingTwoNumbers" name="usingBitwiseXOR" time="0.000"/>
</testsuite> <!-- javaPractice.SwappingTwoNumbers -->
