<?xml version="1.0" encoding="UTF-8"?>
<!-- Generated by org.testng.reporters.JUnitReportReporter -->
<testsuite hostname="HossainXPS8960" failures="0" tests="4" name="javaPractice.RemoveDublicatElimentsInArray" time="0.008" errors="0" timestamp="2024-11-19T09:52:51 EST" skipped="0">
  <testcase classname="javaPractice.RemoveDublicatElimentsInArray" name="test1" time="0.005"/>
  <testcase classname="javaPractice.RemoveDublicatElimentsInArray" name="test4" time="0.000"/>
  <testcase classname="javaPractice.RemoveDublicatElimentsInArray" name="test3" time="0.001"/>
  <testcase classname="javaPractice.RemoveDublicatElimentsInArray" name="test2" time="0.002"/>
</testsuite> <!-- javaPractice.RemoveDublicatElimentsInArray -->
