<?xml version="1.0" encoding="UTF-8"?>
<!-- Generated by org.testng.reporters.JUnitReportReporter -->
<testsuite hostname="HossainXPS8960" failures="0" tests="1" name="javaPractice.ReverseEachWordInAString" time="0.005" errors="0" timestamp="2024-11-19T11:49:01 EST" skipped="0">
  <testcase classname="javaPractice.ReverseEachWordInAString" name="usingStringBuilder" time="0.005"/>
</testsuite> <!-- javaPractice.ReverseEachWordInAString -->
